{"contracts/NFT.sol":{"l":{"24":1,"29":2,"30":2,"31":2,"32":2,"33":2,"41":5,"42":5,"43":5,"44":5,"51":2,"52":2,"53":2,"54":2,"55":2,"56":2,"58":2,"74":13,"81":0,"90":2,"99":0},"path":"/Users/johel.castillo/Documents/blockchain/nft-marketplace/backend/contracts/NFT.sol","s":{"1":1,"2":2,"3":2,"4":2,"5":2,"6":2,"7":5,"8":5,"9":5,"10":5,"11":2,"12":2,"13":2,"14":2,"15":2,"16":2,"17":13,"18":0,"19":2,"20":0},"b":{"1":[2,0],"2":[0,0]},"f":{"1":1,"2":2,"3":5,"4":2,"5":0,"6":13,"7":0,"8":2,"9":0},"fnMap":{"1":{"name":"constructor","line":23,"loc":{"start":{"line":23,"column":4},"end":{"line":25,"column":4}}},"2":{"name":"initialize","line":28,"loc":{"start":{"line":28,"column":4},"end":{"line":34,"column":4}}},"3":{"name":"mint","line":40,"loc":{"start":{"line":40,"column":4},"end":{"line":45,"column":4}}},"4":{"name":"getOwnedNfts","line":50,"loc":{"start":{"line":50,"column":4},"end":{"line":59,"column":4}}},"5":{"name":"_authorizeUpgrade","line":65,"loc":{"start":{"line":63,"column":4},"end":{"line":67,"column":5}}},"6":{"name":"_beforeTokenTransfer","line":70,"loc":{"start":{"line":70,"column":4},"end":{"line":75,"column":4}}},"7":{"name":"_burn","line":77,"loc":{"start":{"line":77,"column":4},"end":{"line":82,"column":4}}},"8":{"name":"tokenURI","line":84,"loc":{"start":{"line":84,"column":4},"end":{"line":91,"column":4}}},"9":{"name":"supportsInterface","line":93,"loc":{"start":{"line":93,"column":4},"end":{"line":100,"column":4}}}},"statementMap":{"1":{"start":{"line":24,"column":8},"end":{"line":24,"column":29}},"2":{"start":{"line":29,"column":8},"end":{"line":29,"column":36}},"3":{"start":{"line":30,"column":8},"end":{"line":30,"column":32}},"4":{"start":{"line":31,"column":8},"end":{"line":31,"column":32}},"5":{"start":{"line":32,"column":8},"end":{"line":32,"column":23}},"6":{"start":{"line":33,"column":8},"end":{"line":33,"column":31}},"7":{"start":{"line":41,"column":8},"end":{"line":41,"column":51}},"8":{"start":{"line":42,"column":8},"end":{"line":42,"column":34}},"9":{"start":{"line":43,"column":8},"end":{"line":43,"column":37}},"10":{"start":{"line":44,"column":8},"end":{"line":44,"column":33}},"11":{"start":{"line":51,"column":8},"end":{"line":51,"column":52}},"12":{"start":{"line":52,"column":8},"end":{"line":52,"column":63}},"13":{"start":{"line":53,"column":8},"end":{"line":53,"column":2087}},"14":{"start":{"line":54,"column":12},"end":{"line":54,"column":61}},"15":{"start":{"line":55,"column":12},"end":{"line":55,"column":68}},"16":{"start":{"line":58,"column":8},"end":{"line":58,"column":20}},"17":{"start":{"line":74,"column":8},"end":{"line":74,"column":63}},"18":{"start":{"line":81,"column":8},"end":{"line":81,"column":27}},"19":{"start":{"line":90,"column":8},"end":{"line":90,"column":38}},"20":{"start":{"line":99,"column":8},"end":{"line":99,"column":51}}},"branchMap":{"1":{"line":28,"type":"if","locations":[{"start":{"line":28,"column":26},"end":{"line":28,"column":26}},{"start":{"line":28,"column":26},"end":{"line":28,"column":26}}]},"2":{"line":65,"type":"if","locations":[{"start":{"line":65,"column":8},"end":{"line":65,"column":8}},{"start":{"line":65,"column":8},"end":{"line":65,"column":8}}]}}},"contracts/NFTAuction.sol":{"l":{"69":1,"73":2,"74":2,"75":2,"76":2,"77":2,"78":2,"79":2,"93":3,"94":3,"95":3,"96":3,"98":3,"107":3,"108":3,"116":3,"124":10,"125":10,"126":10,"127":9,"128":9,"129":9,"130":9,"131":9,"132":9,"133":9,"134":9,"135":9,"136":9,"137":9,"138":9,"139":9,"147":5,"149":5,"150":5,"151":5,"156":5,"157":4,"158":4,"159":4,"160":4,"162":1,"169":5,"171":5,"180":5,"181":5,"182":5,"190":1,"191":1,"195":1,"199":1,"201":1,"202":1,"203":1,"207":1,"211":15,"217":1,"218":1,"220":1,"221":1,"226":2,"227":2,"228":2,"229":2,"230":1,"233":2,"234":2,"235":2,"236":2,"237":1,"238":1},"path":"/Users/johel.castillo/Documents/blockchain/nft-marketplace/backend/contracts/NFTAuction.sol","s":{"1":1,"2":2,"3":2,"4":2,"5":2,"6":2,"7":3,"8":3,"9":3,"10":3,"11":3,"12":3,"13":3,"14":10,"15":10,"16":10,"17":9,"18":9,"19":9,"20":9,"21":9,"22":9,"23":5,"24":5,"25":5,"26":5,"27":5,"28":4,"29":4,"30":4,"31":1,"32":5,"33":5,"34":5,"35":5,"36":1,"37":1,"38":1,"39":1,"40":1,"41":1,"42":1,"43":15,"44":1,"45":1,"46":2,"47":2,"48":2,"49":2,"50":2,"51":2,"52":2},"b":{"1":[2,0],"2":[10,0],"3":[10,0],"4":[9,1],"5":[9,0],"6":[5,0],"7":[5,0],"8":[5,0],"9":[2,3],"10":[4,1],"11":[5,0],"12":[5,0],"13":[1,0],"14":[1,0],"15":[1,0],"16":[1,0],"17":[1,1],"18":[1,1],"19":[0,0]},"f":{"1":1,"2":2,"3":3,"4":10,"5":5,"6":5,"7":1,"8":1,"9":15,"10":1,"11":2,"12":0},"fnMap":{"1":{"name":"constructor","line":68,"loc":{"start":{"line":68,"column":4},"end":{"line":70,"column":4}}},"2":{"name":"initialize","line":72,"loc":{"start":{"line":72,"column":4},"end":{"line":80,"column":4}}},"3":{"name":"createAuction","line":88,"loc":{"start":{"line":88,"column":4},"end":{"line":117,"column":4}}},"4":{"name":"bid","line":123,"loc":{"start":{"line":123,"column":4},"end":{"line":140,"column":4}}},"5":{"name":"completeAuction","line":146,"loc":{"start":{"line":146,"column":4},"end":{"line":177,"column":4}}},"6":{"name":"_transferFund","line":179,"loc":{"start":{"line":179,"column":4},"end":{"line":183,"column":4}}},"7":{"name":"withdrawBid","line":189,"loc":{"start":{"line":189,"column":4},"end":{"line":204,"column":4}}},"8":{"name":"_isAuctionExpired","line":206,"loc":{"start":{"line":206,"column":4},"end":{"line":208,"column":4}}},"9":{"name":"_isAuctionOpen","line":210,"loc":{"start":{"line":210,"column":4},"end":{"line":214,"column":4}}},"10":{"name":"getAllAuctions","line":216,"loc":{"start":{"line":216,"column":4},"end":{"line":223,"column":4}}},"11":{"name":"getMyAuctions","line":225,"loc":{"start":{"line":225,"column":4},"end":{"line":241,"column":4}}},"12":{"name":"_authorizeUpgrade","line":245,"loc":{"start":{"line":243,"column":4},"end":{"line":245,"column":49}}}},"statementMap":{"1":{"start":{"line":69,"column":8},"end":{"line":69,"column":29}},"2":{"start":{"line":73,"column":8},"end":{"line":73,"column":29}},"3":{"start":{"line":74,"column":8},"end":{"line":74,"column":31}},"4":{"start":{"line":75,"column":8},"end":{"line":75,"column":31}},"5":{"start":{"line":78,"column":8},"end":{"line":78,"column":49}},"6":{"start":{"line":79,"column":8},"end":{"line":79,"column":44}},"7":{"start":{"line":93,"column":8},"end":{"line":93,"column":55}},"8":{"start":{"line":94,"column":8},"end":{"line":94,"column":36}},"9":{"start":{"line":95,"column":8},"end":{"line":95,"column":41}},"10":{"start":{"line":96,"column":8},"end":{"line":96,"column":51}},"11":{"start":{"line":107,"column":8},"end":{"line":107,"column":67}},"12":{"start":{"line":108,"column":8},"end":{"line":108,"column":3586}},"13":{"start":{"line":116,"column":8},"end":{"line":116,"column":24}},"14":{"start":{"line":124,"column":8},"end":{"line":124,"column":62}},"15":{"start":{"line":125,"column":8},"end":{"line":125,"column":53}},"16":{"start":{"line":126,"column":8},"end":{"line":126,"column":74}},"17":{"start":{"line":127,"column":8},"end":{"line":127,"column":64}},"18":{"start":{"line":128,"column":8},"end":{"line":128,"column":63}},"19":{"start":{"line":129,"column":8},"end":{"line":129,"column":76}},"20":{"start":{"line":134,"column":8},"end":{"line":134,"column":28}},"21":{"start":{"line":138,"column":8},"end":{"line":138,"column":40}},"22":{"start":{"line":139,"column":8},"end":{"line":139,"column":54}},"23":{"start":{"line":147,"column":8},"end":{"line":147,"column":67}},"24":{"start":{"line":149,"column":8},"end":{"line":149,"column":53}},"25":{"start":{"line":150,"column":8},"end":{"line":150,"column":49}},"26":{"start":{"line":151,"column":8},"end":{"line":151,"column":5226}},"27":{"start":{"line":156,"column":8},"end":{"line":156,"column":5378}},"28":{"start":{"line":157,"column":12},"end":{"line":157,"column":75}},"29":{"start":{"line":158,"column":12},"end":{"line":158,"column":52}},"30":{"start":{"line":160,"column":12},"end":{"line":160,"column":57}},"31":{"start":{"line":162,"column":12},"end":{"line":162,"column":5672}},"32":{"start":{"line":171,"column":8},"end":{"line":171,"column":5863}},"33":{"start":{"line":180,"column":8},"end":{"line":180,"column":72}},"34":{"start":{"line":181,"column":8},"end":{"line":181,"column":58}},"35":{"start":{"line":182,"column":8},"end":{"line":182,"column":59}},"36":{"start":{"line":190,"column":8},"end":{"line":190,"column":69}},"37":{"start":{"line":191,"column":8},"end":{"line":191,"column":6626}},"38":{"start":{"line":195,"column":8},"end":{"line":195,"column":6755}},"39":{"start":{"line":199,"column":8},"end":{"line":199,"column":53}},"40":{"start":{"line":202,"column":8},"end":{"line":202,"column":50}},"41":{"start":{"line":203,"column":8},"end":{"line":203,"column":56}},"42":{"start":{"line":207,"column":8},"end":{"line":207,"column":52}},"43":{"start":{"line":211,"column":8},"end":{"line":211,"column":7334}},"44":{"start":{"line":217,"column":8},"end":{"line":217,"column":58}},"45":{"start":{"line":220,"column":8},"end":{"line":220,"column":7608}},"46":{"start":{"line":226,"column":8},"end":{"line":226,"column":58}},"47":{"start":{"line":227,"column":8},"end":{"line":227,"column":23}},"48":{"start":{"line":228,"column":8},"end":{"line":228,"column":7881}},"49":{"start":{"line":229,"column":12},"end":{"line":229,"column":7942}},"50":{"start":{"line":234,"column":8},"end":{"line":234,"column":22}},"51":{"start":{"line":235,"column":8},"end":{"line":235,"column":8110}},"52":{"start":{"line":236,"column":12},"end":{"line":236,"column":8171}}},"branchMap":{"1":{"line":72,"type":"if","locations":[{"start":{"line":72,"column":52},"end":{"line":72,"column":52}},{"start":{"line":72,"column":52},"end":{"line":72,"column":52}}]},"2":{"line":123,"type":"if","locations":[{"start":{"line":123,"column":51},"end":{"line":123,"column":51}},{"start":{"line":123,"column":51},"end":{"line":123,"column":51}}]},"3":{"line":124,"type":"if","locations":[{"start":{"line":124,"column":8},"end":{"line":124,"column":8}},{"start":{"line":124,"column":8},"end":{"line":124,"column":8}}]},"4":{"line":126,"type":"if","locations":[{"start":{"line":126,"column":8},"end":{"line":126,"column":8}},{"start":{"line":126,"column":8},"end":{"line":126,"column":8}}]},"5":{"line":129,"type":"if","locations":[{"start":{"line":129,"column":8},"end":{"line":129,"column":8}},{"start":{"line":129,"column":8},"end":{"line":129,"column":8}}]},"6":{"line":146,"type":"if","locations":[{"start":{"line":146,"column":55},"end":{"line":146,"column":55}},{"start":{"line":146,"column":55},"end":{"line":146,"column":55}}]},"7":{"line":147,"type":"if","locations":[{"start":{"line":147,"column":8},"end":{"line":147,"column":8}},{"start":{"line":147,"column":8},"end":{"line":147,"column":8}}]},"8":{"line":151,"type":"if","locations":[{"start":{"line":151,"column":8},"end":{"line":151,"column":8}},{"start":{"line":151,"column":8},"end":{"line":151,"column":8}}]},"9":{"line":152,"type":"cond-expr","locations":[{"start":{"line":152,"column":12},"end":{"line":152,"column":39}},{"start":{"line":152,"column":44},"end":{"line":152,"column":63}}]},"10":{"line":156,"type":"if","locations":[{"start":{"line":156,"column":8},"end":{"line":156,"column":8}},{"start":{"line":156,"column":8},"end":{"line":156,"column":8}}]},"11":{"line":180,"type":"if","locations":[{"start":{"line":180,"column":8},"end":{"line":180,"column":8}},{"start":{"line":180,"column":8},"end":{"line":180,"column":8}}]},"12":{"line":182,"type":"if","locations":[{"start":{"line":182,"column":8},"end":{"line":182,"column":8}},{"start":{"line":182,"column":8},"end":{"line":182,"column":8}}]},"13":{"line":189,"type":"if","locations":[{"start":{"line":189,"column":51},"end":{"line":189,"column":51}},{"start":{"line":189,"column":51},"end":{"line":189,"column":51}}]},"14":{"line":190,"type":"if","locations":[{"start":{"line":190,"column":8},"end":{"line":190,"column":8}},{"start":{"line":190,"column":8},"end":{"line":190,"column":8}}]},"15":{"line":191,"type":"if","locations":[{"start":{"line":191,"column":8},"end":{"line":191,"column":8}},{"start":{"line":191,"column":8},"end":{"line":191,"column":8}}]},"16":{"line":195,"type":"if","locations":[{"start":{"line":195,"column":8},"end":{"line":195,"column":8}},{"start":{"line":195,"column":8},"end":{"line":195,"column":8}}]},"17":{"line":229,"type":"if","locations":[{"start":{"line":229,"column":12},"end":{"line":229,"column":12}},{"start":{"line":229,"column":12},"end":{"line":229,"column":12}}]},"18":{"line":236,"type":"if","locations":[{"start":{"line":236,"column":12},"end":{"line":236,"column":12}},{"start":{"line":236,"column":12},"end":{"line":236,"column":12}}]},"19":{"line":245,"type":"if","locations":[{"start":{"line":245,"column":24},"end":{"line":245,"column":24}},{"start":{"line":245,"column":24},"end":{"line":245,"column":24}}]}}}}